/*C312*/SET SCHEMA PUBLIC
DISCONNECT
/*C313*/SET SCHEMA PUBLIC
DISCONNECT
/*C314*/SET SCHEMA PUBLIC
DISCONNECT
/*C315*/SET SCHEMA PUBLIC
DISCONNECT
/*C316*/SET SCHEMA PUBLIC
DISCONNECT
/*C317*/SET SCHEMA PUBLIC
DISCONNECT
/*C318*/SET SCHEMA PUBLIC
DISCONNECT
/*C319*/SET SCHEMA PUBLIC
DISCONNECT
/*C320*/SET SCHEMA PUBLIC
DISCONNECT
/*C321*/SET SCHEMA PUBLIC
DISCONNECT
/*C323*/SET SCHEMA PUBLIC
DISCONNECT
/*C324*/SET SCHEMA PUBLIC
DISCONNECT
/*C325*/SET SCHEMA PUBLIC
DISCONNECT
/*C326*/SET SCHEMA PUBLIC
DISCONNECT
/*C327*/SET SCHEMA PUBLIC
DISCONNECT
/*C328*/SET SCHEMA PUBLIC
DISCONNECT
/*C322*/SET SCHEMA PUBLIC
DISCONNECT
/*C329*/SET SCHEMA PUBLIC
DELETE FROM COUSESTAKEN WHERE ID=-1789344088
DELETE FROM COUSESTAKEN WHERE ID=-1789343955
DELETE FROM COUSESTAKEN WHERE ID=-1703428019
DELETE FROM COUSESTAKEN WHERE ID=64410853
DELETE FROM COUSESTAKEN WHERE ID=908491440
DELETE FROM COUSESTAKEN WHERE ID=1612549570
DELETE FROM COUSESTAKEN WHERE ID=1969695153
COMMIT
DELETE FROM STUDENTS WHERE STUDENTID=1
DELETE FROM STUDENTS WHERE STUDENTID=2
DELETE FROM STUDENTS WHERE STUDENTID=3
COMMIT
/*C330*/SET SCHEMA PUBLIC
INSERT INTO STUDENTS VALUES(1,'Smith','John',NULL,'773-555-1212')
COMMIT
DISCONNECT
/*C331*/SET SCHEMA PUBLIC
INSERT INTO STUDENTS VALUES(2,'Doe','Jane',NULL,'312-555-1212')
COMMIT
DISCONNECT
/*C332*/SET SCHEMA PUBLIC
INSERT INTO STUDENTS VALUES(3,'Blake','Joe',NULL,'778-555-1212')
COMMIT
DISCONNECT
/*C333*/SET SCHEMA PUBLIC
INSERT INTO COUSESTAKEN VALUES(-1789344088,1,'Math101','A')
COMMIT
DISCONNECT
/*C334*/SET SCHEMA PUBLIC
INSERT INTO COUSESTAKEN VALUES(-1703428019,1,'Hist100','B')
COMMIT
DISCONNECT
/*C335*/SET SCHEMA PUBLIC
INSERT INTO COUSESTAKEN VALUES(1612549570,1,'Lang200','A')
COMMIT
DISCONNECT
/*C336*/SET SCHEMA PUBLIC
INSERT INTO COUSESTAKEN VALUES(1969695153,2,'Art201','B')
COMMIT
DISCONNECT
/*C337*/SET SCHEMA PUBLIC
INSERT INTO COUSESTAKEN VALUES(908491440,2,'Music1.1','B')
COMMIT
DISCONNECT
/*C338*/SET SCHEMA PUBLIC
INSERT INTO COUSESTAKEN VALUES(64410853,3,'CS100','B')
COMMIT
DISCONNECT
/*C339*/SET SCHEMA PUBLIC
INSERT INTO COUSESTAKEN VALUES(-1789343955,3,'Math100','C')
COMMIT
DISCONNECT
/*C341*/SET SCHEMA PUBLIC
DISCONNECT
/*C342*/SET SCHEMA PUBLIC
DELETE FROM STUDENTS WHERE STUDENTID=1
INSERT INTO STUDENTS VALUES(1,'Smith','John',3.6666666666666665E0,'773-555-1212')
COMMIT
DISCONNECT
/*C343*/SET SCHEMA PUBLIC
DISCONNECT
/*C344*/SET SCHEMA PUBLIC
DELETE FROM STUDENTS WHERE STUDENTID=2
INSERT INTO STUDENTS VALUES(2,'Doe','Jane',3.0E0,'312-555-1212')
COMMIT
DISCONNECT
/*C345*/SET SCHEMA PUBLIC
DISCONNECT
/*C346*/SET SCHEMA PUBLIC
DELETE FROM STUDENTS WHERE STUDENTID=3
INSERT INTO STUDENTS VALUES(3,'Blake','Joe',2.5E0,'778-555-1212')
COMMIT
DISCONNECT
/*C340*/SET SCHEMA PUBLIC
DISCONNECT
/*C347*/SET SCHEMA PUBLIC
DISCONNECT
/*C348*/SET SCHEMA PUBLIC
DISCONNECT
/*C349*/SET SCHEMA PUBLIC
DISCONNECT
/*C350*/SET SCHEMA PUBLIC
DISCONNECT
/*C351*/SET SCHEMA PUBLIC
DISCONNECT
/*C352*/SET SCHEMA PUBLIC
DISCONNECT
/*C353*/SET SCHEMA PUBLIC
DISCONNECT
/*C354*/SET SCHEMA PUBLIC
DISCONNECT
/*C355*/SET SCHEMA PUBLIC
DISCONNECT
/*C356*/SET SCHEMA PUBLIC
DISCONNECT
/*C358*/SET SCHEMA PUBLIC
DISCONNECT
/*C359*/SET SCHEMA PUBLIC
DISCONNECT
/*C360*/SET SCHEMA PUBLIC
DISCONNECT
/*C361*/SET SCHEMA PUBLIC
DISCONNECT
/*C362*/SET SCHEMA PUBLIC
DISCONNECT
/*C363*/SET SCHEMA PUBLIC
DISCONNECT
/*C357*/SET SCHEMA PUBLIC
DISCONNECT
